timestamp,serial,frame,lat,lon,alt,vel_v,vel_h,heading,temp,humidity,pressure,type,freq_mhz,snr,f_error_hz,sats,batt_v,burst_timer,aux_data
2025-08-23T22:10:19.000Z,V0710188,102,-31.43203,-62.10983,145.7,0.2,0.4,170.8,-253.5,-1.0,-1.0,RS41-SG,401.983,23.8,1275,5,3.3,-1,-1
2025-08-23T22:10:20.000Z,V0710188,103,-31.43203,-62.10983,145.8,0.7,0.4,146.4,-253.5,-1.0,-1.0,RS41-SG,401.983,23.8,1275,5,3.3,-1,-1
2025-08-23T22:10:21.000Z,V0710188,104,-31.43203,-62.10983,146.1,-0.2,0.1,115.6,-253.5,-1.0,-1.0,RS41-SG,401.983,23.0,1275,5,3.3,-1,-1
2025-08-23T22:10:22.000Z,V0710188,105,-31.43203,-62.10984,145.6,0.2,0.1,221.9,-253.5,-1.0,-1.0,RS41-SG,401.983,21.9,1275,5,3.3,-1,-1
2025-08-23T22:10:23.000Z,V0710188,106,-31.43203,-62.10984,145.8,-0.7,0.7,336.5,-253.5,-1.0,-1.0,RS41-SG,401.983,22.1,1275,5,3.3,-1,-1
2025-08-23T22:10:24.000Z,V0710188,107,-31.43203,-62.10984,145.8,0.0,0.2,341.0,-253.5,-1.0,-1.0,RS41-SG,401.983,22.1,1275,5,3.3,-1,-1
2025-08-23T22:10:25.000Z,V0710188,108,-31.43203,-62.10984,145.9,0.7,0.5,155.8,-253.5,-1.0,-1.0,RS41-SG,401.983,21.9,1275,5,3.3,-1,-1
2025-08-23T22:10:26.000Z,V0710188,109,-31.43203,-62.10984,146.0,-0.1,0.3,188.6,-253.5,-1.0,-1.0,RS41-SG,401.983,22.7,1275,5,3.3,-1,-1
2025-08-23T22:10:27.000Z,V0710188,110,-31.43203,-62.10984,146.1,0.4,0.1,126.6,-253.5,-1.0,-1.0,RS41-SG,401.983,22.7,1275,5,3.3,-1,-1
2025-08-23T22:10:28.000Z,V0710188,111,-31.43203,-62.10983,147.1,0.7,0.5,148.8,-253.5,-1.0,-1.0,RS41-SG,401.983,22.7,1275,5,3.3,-1,-1
2025-08-23T22:10:29.000Z,V0710188,112,-31.43203,-62.10983,147.5,1.0,0.6,139.1,-253.5,-1.0,-1.0,RS41-SG,401.983,21.9,1275,5,3.3,-1,-1
2025-08-23T22:10:30.000Z,V0710188,113,-31.43203,-62.10983,147.2,0.7,0.2,106.1,-253.5,-1.0,-1.0,RS41-SG,401.983,21.8,1275,5,3.3,-1,-1
2025-08-23T22:10:31.000Z,V0710188,114,-31.43204,-62.10983,147.8,0.0,0.4,186.2,-253.5,-1.0,-1.0,RS41-SG,401.983,21.1,1275,5,3.3,-1,-1
2025-08-23T22:10:32.000Z,V0710188,115,-31.43204,-62.10983,148.0,-0.0,0.0,116.5,-253.5,-1.0,-1.0,RS41-SG,401.983,20.3,1275,5,3.3,-1,-1
2025-08-23T22:10:33.000Z,V0710188,116,-31.43204,-62.10983,147.9,0.5,0.1,98.1,-253.5,-1.0,-1.0,RS41-SG,401.983,20.3,1275,5,3.3,-1,-1
2025-08-23T22:10:34.000Z,V0710188,117,-31.43204,-62.10983,147.7,0.7,0.4,141.5,-253.5,-1.0,-1.0,RS41-SG,401.983,21.6,1275,5,3.3,-1,-1
2025-08-23T22:10:35.000Z,V0710188,118,-31.43204,-62.10983,148.0,0.2,0.4,158.5,-253.5,-1.0,-1.0,RS41-SG,401.983,22.3,1275,5,3.3,-1,-1
2025-08-23T22:10:36.000Z,V0710188,119,-31.43204,-62.10983,147.9,-0.2,0.2,348.0,-253.5,-1.0,-1.0,RS41-SG,401.983,22.3,1275,5,3.3,-1,-1
2025-08-23T22:10:37.000Z,V0710188,120,-31.43203,-62.10983,147.1,0.3,0.2,127.5,-253.5,-1.0,-1.0,RS41-SG,401.983,21.1,1275,5,3.3,-1,-1
2025-08-23T22:10:38.000Z,V0710188,121,-31.43203,-62.10983,147.4,0.2,0.2,134.8,-253.5,-1.0,-1.0,RS41-SG,401.983,22.5,1275,5,3.3,-1,-1
2025-08-23T22:10:39.000Z,V0710188,122,-31.43204,-62.10983,147.6,-0.6,0.4,268.7,-253.5,-1.0,-1.0,RS41-SG,401.983,22.5,1275,5,3.3,-1,-1
2025-08-23T22:10:40.000Z,V0710188,123,-31.43204,-62.10983,147.8,-0.9,0.5,358.3,-253.5,-1.0,-1.0,RS41-SG,401.983,22.2,1275,5,3.3,-1,-1
2025-08-23T22:10:41.000Z,V0710188,124,-31.43204,-62.10983,147.3,-0.1,0.2,341.2,-253.5,-1.0,-1.0,RS41-SG,401.983,21.4,1275,5,3.3,-1,-1
2025-08-23T22:10:42.000Z,V0710188,125,-31.43204,-62.10983,147.3,0.2,0.1,169.2,-253.5,-1.0,-1.0,RS41-SG,401.983,21.4,1275,5,3.3,-1,-1
2025-08-23T22:10:43.000Z,V0710188,126,-31.43204,-62.10983,147.2,-0.1,0.1,187.6,-253.5,-1.0,-1.0,RS41-SG,401.983,22.0,1275,5,3.3,-1,-1
2025-08-23T22:10:44.000Z,V0710188,127,-31.43204,-62.10983,147.1,-0.3,0.3,319.4,-253.5,-1.0,-1.0,RS41-SG,401.983,22.0,1275,5,3.3,-1,-1
2025-08-23T22:10:45.000Z,V0710188,128,-31.43203,-62.10983,146.6,0.1,0.1,259.3,-253.5,-1.0,-1.0,RS41-SG,401.983,21.4,1275,5,3.3,-1,-1
2025-08-23T22:10:46.000Z,V0710188,129,-31.43203,-62.10983,147.2,0.1,0.1,225.9,-253.5,-1.0,-1.0,RS41-SG,401.983,20.6,1275,5,3.3,-1,-1
2025-08-23T22:10:47.000Z,V0710188,130,-31.43204,-62.10983,147.5,-0.8,0.6,332.8,-253.5,-1.0,-1.0,RS41-SG,401.983,20.6,1275,5,3.3,-1,-1
2025-08-23T22:10:48.000Z,V0710188,131,-31.43203,-62.10983,147.1,-0.4,0.3,3.5,-253.5,-1.0,-1.0,RS41-SG,401.983,20.6,1275,5,3.3,-1,-1
2025-08-23T22:10:49.000Z,V0710188,132,-31.43203,-62.10983,147.0,-0.2,0.2,299.7,-253.5,-1.0,-1.0,RS41-SG,401.983,18.9,1275,6,3.3,-1,-1
2025-08-23T22:10:50.000Z,V0710188,133,-31.43203,-62.10983,146.6,0.2,0.2,130.9,-253.5,-1.0,-1.0,RS41-SG,401.983,18.9,1275,6,3.3,-1,-1
2025-08-23T22:10:51.000Z,V0710188,134,-31.43203,-62.10983,146.5,0.4,0.2,143.1,-253.5,-1.0,-1.0,RS41-SG,401.983,19.7,1275,6,3.2,-1,-1
2025-08-23T22:10:52.000Z,V0710188,135,-31.43203,-62.10983,146.6,-0.0,0.0,224.3,-253.5,-1.0,-1.0,RS41-SG,401.983,19.7,1275,6,3.3,-1,-1
2025-08-23T22:10:53.000Z,V0710188,136,-31.43203,-62.10983,146.9,-0.2,0.3,332.4,-253.5,-1.0,-1.0,RS41-SG,401.983,18.9,1275,6,3.2,-1,-1
2025-08-23T22:10:54.000Z,V0710188,137,-31.43202,-62.10983,146.4,0.3,0.2,89.9,-253.5,-1.0,-1.0,RS41-SG,401.983,19.2,1275,6,3.2,-1,-1
2025-08-23T22:10:55.000Z,V0710188,138,-31.43202,-62.10984,145.7,0.6,0.2,137.2,-253.5,-1.0,-1.0,RS41-SG,401.983,19.2,1275,6,3.3,-1,-1
2025-08-23T22:10:56.000Z,V0710188,139,-31.43202,-62.10983,146.3,0.1,0.3,53.1,-253.5,-1.0,-1.0,RS41-SG,401.983,18.4,1275,6,3.3,-1,-1
2025-08-23T22:10:57.000Z,V0710188,140,-31.43202,-62.10983,146.6,0.0,0.4,26.0,-253.5,-1.0,-1.0,RS41-SG,401.983,19.1,1275,6,3.3,-1,-1
2025-08-23T22:10:58.000Z,V0710188,141,-31.43202,-62.10983,146.3,0.0,0.2,321.4,-253.5,-1.0,-1.0,RS41-SG,401.983,19.1,1275,6,3.3,-1,-1
2025-08-23T22:10:59.000Z,V0710188,142,-31.43201,-62.10984,145.7,0.3,0.4,181.4,-253.5,-1.0,-1.0,RS41-SG,401.983,18.4,1275,6,3.3,-1,-1
2025-08-23T22:11:00.000Z,V0710188,143,-31.43201,-62.10984,145.2,-0.3,0.1,311.7,-253.5,-1.0,-1.0,RS41-SG,401.983,18.6,1275,6,3.3,-1,-1
2025-08-23T22:11:01.000Z,V0710188,144,-31.43201,-62.10984,145.0,-0.8,0.3,346.3,-253.5,-1.0,-1.0,RS41-SG,401.983,18.6,1275,6,3.2,-1,-1
2025-08-23T22:11:02.000Z,V0710188,145,-31.43201,-62.10984,144.6,-0.4,0.2,299.0,-253.5,-1.0,-1.0,RS41-SG,401.983,18.5,1275,6,3.2,-1,-1
2025-08-23T22:11:03.000Z,V0710188,146,-31.43201,-62.10984,144.7,-0.2,0.6,5.6,-253.5,-1.0,-1.0,RS41-SG,401.983,18.4,1275,6,3.3,-1,-1
2025-08-23T22:11:04.000Z,V0710188,147,-31.43201,-62.10984,144.3,0.0,0.2,345.0,-253.5,-1.0,-1.0,RS41-SG,401.983,18.5,1275,6,3.3,-1,-1
2025-08-23T22:11:05.000Z,V0710188,148,-31.43201,-62.10984,144.5,-0.1,0.1,345.0,-253.5,-1.0,-1.0,RS41-SG,401.983,18.5,1275,6,3.2,-1,-1
2025-08-23T22:11:06.000Z,V0710188,149,-31.43201,-62.10984,144.4,-0.2,0.2,203.0,-253.5,-1.0,-1.0,RS41-SG,401.983,17.9,1275,6,3.2,-1,-1
2025-08-23T22:11:07.000Z,V0710188,150,-31.43201,-62.10984,145.1,0.2,0.3,35.9,-253.5,-1.0,-1.0,RS41-SG,401.983,18.0,1275,6,3.3,-1,-1
2025-08-23T22:11:08.000Z,V0710188,151,-31.43201,-62.10984,145.3,-0.3,0.2,357.1,-253.5,-1.0,-1.0,RS41-SG,401.983,18.8,1275,6,3.3,-1,-1
2025-08-23T22:11:09.000Z,V0710188,152,-31.43201,-62.10984,145.4,-1.1,0.7,336.4,-253.5,-1.0,-1.0,RS41-SG,401.983,18.8,1275,6,3.2,-1,-1
2025-08-23T22:11:10.000Z,V0710188,153,-31.43201,-62.10984,145.6,-2.2,1.5,342.2,-253.5,-1.0,-1.0,RS41-SG,401.983,18.0,1275,6,3.2,-1,-1
2025-08-23T22:11:11.000Z,V0710188,154,-31.43201,-62.10984,145.0,-1.2,0.7,345.9,-253.5,-1.0,-1.0,RS41-SG,401.983,17.6,1275,6,3.3,-1,-1
2025-08-23T22:11:12.000Z,V0710188,155,-31.43201,-62.10984,144.4,-0.4,0.3,320.3,-253.5,-1.0,-1.0,RS41-SG,401.983,18.2,1275,6,3.2,-1,-1
2025-08-23T22:11:13.000Z,V0710188,156,-31.43201,-62.10984,144.4,-0.6,0.4,340.4,-253.5,-1.0,-1.0,RS41-SG,401.983,18.2,1275,6,3.2,-1,-1
2025-08-23T22:11:14.000Z,V0710188,157,-31.43201,-62.10984,144.7,-1.4,0.5,314.4,-253.5,-1.0,-1.0,RS41-SG,401.983,18.1,1275,6,3.2,-1,-1
2025-08-23T22:11:15.000Z,V0710188,158,-31.43201,-62.10984,143.9,0.5,0.3,145.9,-253.5,-1.0,-1.0,RS41-SG,401.983,18.8,1275,6,3.2,-1,-1
2025-08-23T22:11:16.000Z,V0710188,159,-31.43201,-62.10984,144.6,0.6,0.4,145.1,-253.5,-1.0,-1.0,RS41-SG,401.983,18.8,1275,6,3.3,-1,-1
2025-08-23T22:11:17.000Z,V0710188,160,-31.43201,-62.10984,144.9,0.7,0.2,123.2,-253.5,-1.0,-1.0,RS41-SG,401.983,17.7,1275,6,3.2,-1,-1
2025-08-23T22:11:18.000Z,V0710188,161,-31.43201,-62.10984,145.0,0.2,0.2,18.6,-253.5,-1.0,-1.0,RS41-SG,401.983,18.5,1275,6,3.2,-1,-1
2025-08-23T22:11:19.000Z,V0710188,162,-31.43201,-62.10984,145.0,0.6,0.5,141.0,-253.5,-1.0,-1.0,RS41-SG,401.983,18.5,1275,6,3.2,-1,-1
2025-08-23T22:11:20.000Z,V0710188,163,-31.43201,-62.10983,145.3,0.8,0.5,166.6,-253.5,-1.0,-1.0,RS41-SG,401.983,18.0,1275,6,3.2,-1,-1
2025-08-23T22:11:21.000Z,V0710188,164,-31.43202,-62.10983,145.4,0.8,0.4,133.3,-253.5,-1.0,-1.0,RS41-SG,401.983,17.5,1275,6,3.2,-1,-1
2025-08-23T22:11:22.000Z,V0710188,165,-31.43202,-62.10983,145.8,0.3,0.4,166.5,-253.5,-1.0,-1.0,RS41-SG,401.983,17.8,1275,6,3.2,-1,-1
2025-08-23T22:11:23.000Z,V0710188,166,-31.43202,-62.10983,145.6,0.8,0.5,166.6,-253.5,-1.0,-1.0,RS41-SG,401.983,18.4,1275,6,3.2,-1,-1
2025-08-23T22:11:24.000Z,V0710188,167,-31.43202,-62.10983,146.0,1.0,0.7,161.0,-253.5,-1.0,-1.0,RS41-SG,401.983,18.4,1275,6,3.2,-1,-1
2025-08-23T22:11:25.000Z,V0710188,168,-31.43202,-62.10983,146.4,0.4,0.2,139.6,-253.5,-1.0,-1.0,RS41-SG,401.983,17.5,1275,6,3.2,-1,-1
2025-08-23T22:11:26.000Z,V0710188,169,-31.43203,-62.10983,146.8,-0.5,0.1,312.3,-253.5,-1.0,-1.0,RS41-SG,401.983,17.5,1275,6,3.2,-1,-1
2025-08-23T22:11:27.000Z,V0710188,170,-31.43203,-62.10983,147.2,-0.2,0.3,11.9,-253.5,-1.0,-1.0,RS41-SG,401.983,16.8,1275,6,3.2,-1,-1
2025-08-23T22:11:28.000Z,V0710188,171,-31.43202,-62.10983,147.0,0.5,0.4,166.1,-253.5,-1.0,-1.0,RS41-SG,401.983,16.8,1275,6,3.2,-1,-1
2025-08-23T22:11:29.000Z,V0710188,172,-31.43202,-62.10983,146.6,0.4,0.2,172.7,-253.5,-1.0,-1.0,RS41-SG,401.983,18.6,1275,6,3.2,-1,-1
2025-08-23T22:11:30.000Z,V0710188,173,-31.43202,-62.10983,146.6,-0.2,0.2,345.1,-253.5,-1.0,-1.0,RS41-SG,401.983,18.6,1275,6,3.2,-1,-1
2025-08-23T22:11:31.000Z,V0710188,174,-31.43202,-62.10983,146.4,-0.6,0.2,339.7,-253.5,-1.0,-1.0,RS41-SG,401.983,18.1,1275,6,3.2,-1,-1
2025-08-23T22:11:32.000Z,V0710188,175,-31.43202,-62.10983,146.1,-0.4,0.3,333.5,-253.5,-1.0,-1.0,RS41-SG,401.983,17.6,1275,6,3.2,-1,-1
2025-08-23T22:11:33.000Z,V0710188,176,-31.43202,-62.10984,145.9,0.2,0.3,176.2,-253.5,-1.0,-1.0,RS41-SG,401.983,17.6,1275,6,3.2,-1,-1
2025-08-23T22:11:34.000Z,V0710188,177,-31.43202,-62.10984,145.9,-0.1,0.1,295.8,-253.5,-1.0,-1.0,RS41-SG,401.983,17.6,1275,6,3.2,-1,-1
2025-08-23T22:11:35.000Z,V0710188,178,-31.43202,-62.10984,145.3,-0.0,0.3,346.0,-253.5,-1.0,-1.0,RS41-SG,401.983,17.6,1275,6,3.2,-1,-1
2025-08-23T22:11:36.000Z,V0710188,179,-31.43202,-62.10984,145.3,0.3,0.1,150.0,-253.5,-1.0,-1.0,RS41-SG,401.983,17.6,1275,6,3.2,-1,-1
2025-08-23T22:11:37.000Z,V0710188,180,-31.43202,-62.10984,145.7,-0.1,0.2,32.9,-253.5,-1.0,-1.0,RS41-SG,401.983,17.6,1275,6,3.2,-1,-1
2025-08-23T22:11:38.000Z,V0710188,181,-31.43202,-62.10984,145.4,-0.3,0.4,3.7,-253.5,-1.0,-1.0,RS41-SG,401.983,17.8,1275,6,3.2,-1,-1
2025-08-23T22:11:39.000Z,V0710188,182,-31.43201,-62.10984,145.7,-0.4,0.5,336.3,-253.5,-1.0,-1.0,RS41-SG,401.983,17.8,1275,6,3.2,-1,-1
2025-08-23T22:11:40.000Z,V0710188,183,-31.43201,-62.10984,145.5,0.0,0.2,23.8,-253.5,-1.0,-1.0,RS41-SG,401.983,17.2,1275,6,3.2,-1,-1
2025-08-23T22:11:41.000Z,V0710188,184,-31.43201,-62.10984,145.4,-0.2,0.2,350.3,-253.5,-1.0,-1.0,RS41-SG,401.983,17.1,1275,6,3.2,-1,-1
2025-08-23T22:11:42.000Z,V0710188,185,-31.43201,-62.10984,145.5,-0.6,0.3,327.8,-253.5,-1.0,-1.0,RS41-SG,401.983,17.1,1275,6,3.2,-1,-1
2025-08-23T22:11:43.000Z,V0710188,186,-31.43201,-62.10984,145.0,-0.8,0.4,310.8,-253.5,-1.0,-1.0,RS41-SG,401.983,17.3,1275,6,3.2,-1,-1
2025-08-23T22:11:44.000Z,V0710188,187,-31.43201,-62.10984,144.2,0.2,0.1,259.5,-253.5,-1.0,-1.0,RS41-SG,401.983,17.3,1275,6,3.2,-1,-1
2025-08-23T22:11:45.000Z,V0710188,188,-31.43201,-62.10984,144.2,0.6,0.4,162.6,-253.5,-1.0,-1.0,RS41-SG,401.983,17.3,1275,6,3.2,-1,-1
2025-08-23T22:11:46.000Z,V0710188,189,-31.43201,-62.10984,144.2,-0.2,0.2,207.3,-253.5,-1.0,-1.0,RS41-SG,401.983,17.3,1275,6,3.2,-1,-1
2025-08-23T22:11:47.000Z,V0710188,190,-31.43201,-62.10984,144.3,0.2,0.1,223.0,-253.4,-1.0,-1.0,RS41-SG,401.983,17.2,1275,6,3.2,-1,-1
2025-08-23T22:11:48.000Z,V0710188,191,-31.43201,-62.10985,144.0,0.3,0.2,181.9,-253.5,-1.0,-1.0,RS41-SG,401.983,17.6,1275,6,3.2,-1,-1
2025-08-23T22:11:49.000Z,V0710188,192,-31.43201,-62.10985,143.8,0.1,0.1,69.8,-253.5,-1.0,-1.0,RS41-SG,401.983,17.6,1275,6,3.2,-1,-1
2025-08-23T22:11:50.000Z,V0710188,193,-31.43201,-62.10985,143.2,-0.8,0.4,313.8,-253.4,-1.0,-1.0,RS41-SG,401.983,17.3,1275,6,3.2,-1,-1
2025-08-23T22:11:51.000Z,V0710188,194,-31.43201,-62.10985,143.1,-0.9,0.4,317.1,-253.4,-1.0,-1.0,RS41-SG,401.983,17.3,1275,6,3.2,-1,-1
2025-08-23T22:11:52.000Z,V0710188,195,-31.43201,-62.10985,143.2,-0.4,0.1,346.3,-253.4,-1.0,-1.0,RS41-SG,401.983,16.7,1275,6,3.2,-1,-1
2025-08-23T22:11:53.000Z,V0710188,196,-31.43201,-62.10985,143.3,-0.0,0.4,189.0,-253.4,-1.0,-1.0,RS41-SG,401.983,17.0,1275,6,3.2,-1,-1
2025-08-23T22:11:54.000Z,V0710188,197,-31.43201,-62.10985,142.9,-0.2,0.1,18.0,-253.5,-1.0,-1.0,RS41-SG,401.983,17.0,1275,6,3.2,-1,-1
2025-08-23T22:11:55.000Z,V0710188,198,-31.43201,-62.10985,142.7,-0.2,0.1,252.2,-253.4,-1.0,-1.0,RS41-SG,401.983,16.6,1275,6,3.2,-1,-1
2025-08-23T22:11:56.000Z,V0710188,199,-31.43201,-62.10985,142.8,-0.5,0.4,348.2,-253.4,-1.0,-1.0,RS41-SG,401.983,16.6,1275,6,3.2,-1,-1
2025-08-23T22:11:57.000Z,V0710188,200,-31.43201,-62.10985,142.7,-0.3,0.2,310.6,-253.4,-1.0,-1.0,RS41-SG,401.983,16.4,1275,6,3.2,-1,-1
2025-08-23T22:11:58.000Z,V0710188,201,-31.43201,-62.10985,142.2,0.9,0.4,134.2,-253.4,-1.0,-1.0,RS41-SG,401.983,17.1,1275,6,3.2,-1,-1
2025-08-23T22:11:59.000Z,V0710188,202,-31.43201,-62.10985,142.5,0.0,0.1,348.1,-253.4,-1.0,-1.0,RS41-SG,401.983,17.1,1275,6,3.2,-1,-1
2025-08-23T22:12:00.000Z,V0710188,203,-31.43201,-62.10985,142.1,-0.1,0.1,250.2,-253.4,-1.0,-1.0,RS41-SG,401.983,16.5,1275,6,3.2,-1,-1
2025-08-23T22:12:01.000Z,V0710188,204,-31.43201,-62.10985,141.4,-0.2,0.2,154.9,-253.4,-1.0,-1.0,RS41-SG,401.983,16.8,1275,6,3.2,-1,-1
2025-08-23T22:12:02.000Z,V0710188,205,-31.43201,-62.10985,141.3,0.6,0.4,155.8,-253.4,-1.0,-1.0,RS41-SG,401.983,16.8,1275,6,3.1,-1,-1
2025-08-23T22:12:03.000Z,V0710188,206,-31.43201,-62.10985,141.3,0.3,0.2,98.2,-253.4,-1.0,-1.0,RS41-SG,401.983,16.8,1275,6,3.2,-1,-1
2025-08-23T22:12:05.000Z,V0710188,208,-31.43201,-62.10985,141.0,0.1,0.2,127.5,-253.4,-1.0,-1.0,RS41-SG,401.983,16.4,1275,6,3.2,-1,-1
2025-08-23T22:12:06.000Z,V0710188,209,-31.43201,-62.10985,140.5,0.5,0.6,176.8,-253.4,-1.0,-1.0,RS41-SG,401.983,16.4,1275,6,3.2,-1,-1
2025-08-23T22:12:07.000Z,V0710188,210,-31.43201,-62.10985,140.9,0.3,0.4,201.2,-253.4,-1.0,-1.0,RS41-SG,401.983,16.5,1275,6,3.2,-1,-1
2025-08-23T22:12:13.000Z,V0710188,216,-31.43201,-62.10986,139.9,0.1,0.1,53.2,-253.4,-1.0,-1.0,RS41-SG,401.983,16.4,1275,6,3.2,-1,-1
2025-08-23T22:12:16.000Z,V0710188,219,-31.43200,-62.10986,139.7,-0.7,0.3,299.3,-253.4,-1.0,-1.0,RS41-SG,401.983,15.8,1275,6,3.2,-1,-1
2025-08-23T22:12:17.000Z,V0710188,220,-31.43200,-62.10986,139.7,-0.2,0.3,9.0,-253.4,-1.0,-1.0,RS41-SG,401.983,15.6,1275,6,3.2,-1,-1
2025-08-23T22:13:30.000Z,V0710188,293,-31.43199,-62.10987,134.8,-0.1,0.1,211.5,-253.4,-1.0,-1.0,RS41-SG,401.983,15.2,1275,6,3.2,-1,-1
2025-08-23T22:13:31.000Z,V0710188,294,-31.43199,-62.10987,135.2,-0.8,0.3,300.5,-253.4,-1.0,-1.0,RS41-SG,401.983,15.2,1275,6,3.2,-1,-1
2025-08-23T22:13:54.000Z,V0710188,317,-31.43198,-62.10987,132.7,0.3,0.2,144.8,-253.4,-1.0,-1.0,RS41-SG,401.983,15.6,1275,6,3.2,-1,-1
2025-08-23T22:14:03.000Z,V0710188,326,-31.43198,-62.10987,132.6,-0.1,0.1,191.1,-253.4,-1.0,-1.0,RS41-SG,401.983,15.6,1275,6,3.1,-1,-1
2025-08-23T22:23:04.000Z,V0710188,867,-31.43201,-62.10986,136.2,-0.0,0.0,347.4,-273.0,-1.0,-1.0,RS41,401.985,23.9,150,6,3.0,-1,-1
2025-08-23T22:23:05.000Z,V0710188,868,-31.43201,-62.10986,136.3,0.3,0.2,150.8,-273.0,-1.0,-1.0,RS41,401.985,23.9,150,6,3.0,-1,-1
2025-08-23T22:23:06.000Z,V0710188,869,-31.43201,-62.10986,136.3,0.1,0.1,149.5,-273.0,-1.0,-1.0,RS41,401.985,23.4,150,6,3.0,-1,-1
2025-08-23T22:23:07.000Z,V0710188,870,-31.43201,-62.10986,136.4,0.0,0.4,174.3,-273.0,-1.0,-1.0,RS41,401.985,23.1,150,6,3.0,-1,-1
2025-08-23T22:23:08.000Z,V0710188,871,-31.43201,-62.10986,136.5,-0.0,0.3,348.5,-273.0,-1.0,-1.0,RS41,401.985,23.1,150,6,3.0,-1,-1
2025-08-23T22:23:09.000Z,V0710188,872,-31.43201,-62.10986,136.4,-0.0,0.3,356.8,-273.0,-1.0,-1.0,RS41,401.985,23.9,150,6,2.9,-1,-1
2025-08-23T22:23:10.000Z,V0710188,873,-31.43201,-62.10986,136.8,0.2,0.3,28.1,-273.0,-1.0,-1.0,RS41,401.985,23.9,150,6,3.0,-1,-1
2025-08-23T22:23:11.000Z,V0710188,874,-31.43201,-62.10986,137.0,0.0,0.1,28.0,-253.4,-1.0,-1.0,RS41,401.985,23.3,150,6,3.0,-1,-1
2025-08-23T22:23:12.000Z,V0710188,875,-31.43201,-62.10986,137.1,-0.2,0.2,191.4,-253.4,-1.0,-1.0,RS41,401.985,23.3,150,6,3.0,-1,-1
2025-08-23T22:23:13.000Z,V0710188,876,-31.43201,-62.10986,137.1,-0.1,0.1,215.6,-253.4,-1.0,-1.0,RS41,401.985,23.3,150,6,3.0,-1,-1
2025-08-23T22:23:14.000Z,V0710188,877,-31.43201,-62.10986,137.0,-0.1,0.0,344.4,-253.4,-1.0,-1.0,RS41,401.985,23.9,150,6,3.0,-1,-1
2025-08-23T22:23:15.000Z,V0710188,878,-31.43201,-62.10986,137.0,-0.1,0.1,6.8,-253.4,-1.0,-1.0,RS41,401.985,23.9,150,6,3.0,-1,-1
2025-08-23T22:23:16.000Z,V0710188,879,-31.43201,-62.10986,137.1,-0.3,0.2,230.6,-253.4,-1.0,-1.0,RS41,401.985,23.3,150,6,3.0,-1,-1
2025-08-23T22:23:17.000Z,V0710188,880,-31.43201,-62.10986,136.9,-0.3,0.2,312.2,-253.4,-1.0,-1.0,RS41,401.985,22.8,150,6,3.0,-1,-1
2025-08-23T22:23:18.000Z,V0710188,881,-31.43201,-62.10986,136.8,-0.0,0.1,17.2,-253.4,-1.0,-1.0,RS41,401.985,23.2,150,6,3.0,-1,-1
2025-08-23T22:23:19.000Z,V0710188,882,-31.43201,-62.10986,136.9,-0.1,0.2,18.9,-253.4,-1.0,-1.0,RS41,401.985,23.6,150,6,2.9,-1,-1
2025-08-23T22:23:20.000Z,V0710188,883,-31.43201,-62.10986,136.9,0.1,0.3,348.9,-253.4,-1.0,-1.0,RS41,401.985,23.6,150,6,3.0,-1,-1
2025-08-23T22:23:21.000Z,V0710188,884,-31.43201,-62.10986,136.8,-0.1,0.1,94.2,-253.4,-1.0,-1.0,RS41,401.985,23.1,150,6,3.0,-1,-1
2025-08-23T22:23:22.000Z,V0710188,885,-31.43201,-62.10986,136.9,-0.1,0.2,18.7,-253.4,-1.0,-1.0,RS41,401.985,23.1,150,6,3.0,-1,-1
2025-08-23T22:23:23.000Z,V0710188,886,-31.43200,-62.10986,137.0,0.1,0.2,132.0,-253.4,-1.0,-1.0,RS41,401.985,23.0,150,6,3.0,-1,-1
2025-08-23T22:23:24.000Z,V0710188,887,-31.43200,-62.10986,137.1,-0.1,0.2,10.6,-253.4,-1.0,-1.0,RS41,401.985,23.7,150,6,3.0,-1,-1
2025-08-23T22:23:25.000Z,V0710188,888,-31.43200,-62.10986,137.4,-0.2,0.2,354.0,-253.4,-1.0,-1.0,RS41,401.985,23.7,150,6,3.0,-1,-1
2025-08-23T22:23:26.000Z,V0710188,889,-31.43200,-62.10986,137.3,-0.2,0.2,354.2,-253.4,-1.0,-1.0,RS41,401.985,26.4,150,6,3.0,-1,-1
2025-08-23T22:23:27.000Z,V0710188,890,-31.43200,-62.10986,137.5,-0.1,0.3,202.0,-253.4,-1.0,-1.0,RS41,401.985,28.1,150,6,3.0,-1,-1
2025-08-23T22:23:28.000Z,V0710188,891,-31.43200,-62.10986,137.5,-0.1,0.1,18.7,-253.4,-1.0,-1.0,RS41,401.985,31.9,525,6,3.0,-1,-1
2025-08-23T22:23:29.000Z,V0710188,892,-31.43200,-62.10986,137.6,-0.5,0.2,306.1,-253.4,-1.0,-1.0,RS41,401.985,31.9,525,6,2.9,-1,-1
2025-08-23T22:23:30.000Z,V0710188,893,-31.43200,-62.10986,137.7,-0.2,0.2,338.2,-253.4,-1.0,-1.0,RS41,401.985,29.4,525,6,3.0,-1,-1
2025-08-23T22:23:31.000Z,V0710188,894,-31.43200,-62.10986,137.8,0.3,0.1,36.4,-253.4,-1.0,-1.0,RS41,401.985,28.9,525,6,3.0,-1,-1
2025-08-23T22:23:32.000Z,V0710188,895,-31.43200,-62.10986,137.8,0.4,0.1,64.4,-253.4,-1.0,-1.0,RS41,401.985,28.9,525,6,3.0,-1,-1
2025-08-23T22:23:33.000Z,V0710188,896,-31.43200,-62.10986,137.8,0.2,0.1,106.4,-253.4,-1.0,-1.0,RS41,401.985,32.5,525,6,3.0,-1,-1
2025-08-23T22:23:34.000Z,V0710188,897,-31.43200,-62.10986,137.8,-0.0,0.1,46.3,-253.4,-1.0,-1.0,RS41,401.985,32.5,525,6,3.0,-1,-1
2025-08-23T22:23:35.000Z,V0710188,898,-31.43200,-62.10986,138.0,-0.2,0.1,275.4,-253.4,-1.0,-1.0,RS41,401.985,28.7,525,6,3.0,-1,-1
2025-08-23T22:23:36.000Z,V0710188,899,-31.43200,-62.10986,138.0,-0.2,0.1,352.2,-253.4,-1.0,-1.0,RS41,401.985,28.7,525,6,3.0,-1,-1
2025-08-23T22:23:37.000Z,V0710188,900,-31.43200,-62.10986,137.9,-0.1,0.2,199.9,-253.4,-1.0,-1.0,RS41,401.985,28.7,525,6,3.0,-1,-1
2025-08-23T22:23:38.000Z,V0710188,901,-31.43200,-62.10986,138.0,-0.0,0.1,78.8,-253.4,-1.0,-1.0,RS41-SG,401.985,33.0,525,6,3.0,-1,-1
2025-08-23T22:23:39.000Z,V0710188,902,-31.43200,-62.10986,138.0,0.3,0.1,140.6,-253.4,-1.0,-1.0,RS41-SG,401.985,33.0,525,6,2.9,-1,-1
2025-08-23T22:23:40.000Z,V0710188,903,-31.43200,-62.10986,138.2,0.2,0.1,173.9,-253.4,-1.0,-1.0,RS41-SG,401.985,29.0,525,6,3.0,-1,-1
2025-08-23T22:23:41.000Z,V0710188,904,-31.43200,-62.10986,138.3,0.0,0.5,192.8,-253.4,-1.0,-1.0,RS41-SG,401.985,28.7,525,6,3.0,-1,-1
2025-08-23T22:23:42.000Z,V0710188,905,-31.43201,-62.10986,138.2,-0.0,0.4,178.5,-253.4,-1.0,-1.0,RS41-SG,401.985,28.6,525,6,3.0,-1,-1
2025-08-23T22:23:43.000Z,V0710188,906,-31.43201,-62.10986,138.3,0.2,0.1,171.3,-253.4,-1.0,-1.0,RS41-SG,401.985,30.3,525,6,3.0,-1,-1
2025-08-23T22:23:44.000Z,V0710188,907,-31.43201,-62.10986,138.3,0.1,0.3,168.1,-253.4,-1.0,-1.0,RS41-SG,401.985,30.3,525,6,3.0,-1,-1
2025-08-23T22:23:45.000Z,V0710188,908,-31.43201,-62.10986,138.3,0.2,0.3,20.5,-253.4,-1.0,-1.0,RS41-SG,401.985,28.5,525,6,3.0,-1,-1
2025-08-23T22:23:46.000Z,V0710188,909,-31.43201,-62.10986,138.5,-0.0,0.2,347.1,-253.4,-1.0,-1.0,RS41-SG,401.985,28.3,525,6,3.0,-1,-1
2025-08-23T22:23:47.000Z,V0710188,910,-31.43200,-62.10986,138.5,-0.1,0.3,1.8,-253.4,-1.0,-1.0,RS41-SG,401.985,28.1,525,6,3.0,-1,-1
2025-08-23T22:23:48.000Z,V0710188,911,-31.43200,-62.10986,138.4,-0.2,0.1,231.4,-253.4,-1.0,-1.0,RS41-SG,401.985,33.5,525,6,3.0,-1,-1
2025-08-23T22:23:49.000Z,V0710188,912,-31.43200,-62.10986,138.2,0.1,0.2,21.5,-253.4,-1.0,-1.0,RS41-SG,401.985,33.5,525,6,2.9,-1,-1
2025-08-23T22:23:50.000Z,V0710188,913,-31.43200,-62.10986,138.1,-0.1,0.2,192.4,-253.4,-1.0,-1.0,RS41-SG,401.985,29.3,525,6,3.0,-1,-1
2025-08-23T22:23:51.000Z,V0710188,914,-31.43200,-62.10986,138.1,0.1,0.3,173.1,-253.4,-1.0,-1.0,RS41-SG,401.985,28.9,525,6,3.0,-1,-1
2025-08-23T22:23:52.000Z,V0710188,915,-31.43201,-62.10986,138.1,-0.1,0.4,192.8,-253.4,-1.0,-1.0,RS41-SG,401.985,28.5,525,6,3.0,-1,-1
2025-08-23T22:23:53.000Z,V0710188,916,-31.43201,-62.10986,138.2,0.2,0.1,226.1,-253.4,-1.0,-1.0,RS41-SG,401.985,34.6,525,6,3.0,-1,-1
2025-08-23T22:23:54.000Z,V0710188,917,-31.43201,-62.10986,138.3,0.0,0.2,130.2,-253.4,-1.0,-1.0,RS41-SG,401.985,34.6,525,6,3.0,-1,-1
2025-08-23T22:23:55.000Z,V0710188,918,-31.43201,-62.10986,138.4,-0.1,0.5,187.9,-253.4,-1.0,-1.0,RS41-SG,401.985,29.1,525,6,3.0,-1,-1
2025-08-23T22:23:56.000Z,V0710188,919,-31.43201,-62.10986,138.6,0.0,0.1,338.9,-253.4,-1.0,-1.0,RS41-SG,401.985,28.9,525,6,3.0,-1,-1
2025-08-23T22:23:57.000Z,V0710188,920,-31.43201,-62.10986,138.7,0.0,0.1,301.9,-253.4,-1.0,-1.0,RS41-SG,401.985,28.9,525,6,3.0,-1,-1
2025-08-23T22:23:58.000Z,V0710188,921,-31.43201,-62.10986,138.6,-0.2,0.1,281.0,-253.4,-1.0,-1.0,RS41-SG,401.985,31.2,525,7,3.0,-1,-1
2025-08-23T22:23:59.000Z,V0710188,922,-31.43201,-62.10986,138.5,-0.4,0.3,341.1,-253.4,-1.0,-1.0,RS41-SG,401.985,31.2,525,7,2.9,-1,-1
2025-08-23T22:24:00.000Z,V0710188,923,-31.43201,-62.10986,138.2,-0.5,0.1,299.8,-253.4,-1.0,-1.0,RS41-SG,401.985,30.0,525,7,3.0,-1,-1
2025-08-23T22:24:01.000Z,V0710188,924,-31.43201,-62.10986,137.9,-0.2,0.3,3.0,-253.4,-1.0,-1.0,RS41-SG,401.985,28.5,525,7,3.0,-1,-1
2025-08-23T22:24:02.000Z,V0710188,925,-31.43201,-62.10986,137.9,0.1,0.1,19.5,-253.4,-1.0,-1.0,RS41-SG,401.985,28.6,525,7,3.0,-1,-1
2025-08-23T22:24:03.000Z,V0710188,926,-31.43200,-62.10986,137.9,0.1,0.0,86.3,-253.4,-1.0,-1.0,RS41-SG,401.985,30.9,525,7,3.0,-1,-1
2025-08-23T22:24:04.000Z,V0710188,927,-31.43200,-62.10986,138.1,0.4,0.3,111.2,-253.4,-1.0,-1.0,RS41-SG,401.985,30.9,525,7,3.0,-1,-1
2025-08-23T22:24:05.000Z,V0710188,928,-31.43201,-62.10986,138.3,0.5,0.3,143.9,-253.4,-1.0,-1.0,RS41-SG,401.985,29.1,525,7,3.0,-1,-1
2025-08-23T22:24:06.000Z,V0710188,929,-31.43200,-62.10986,138.2,0.5,0.3,151.0,-253.4,-1.0,-1.0,RS41-SG,401.985,29.0,525,7,3.0,-1,-1
2025-08-23T22:24:07.000Z,V0710188,930,-31.43201,-62.10986,138.4,0.1,0.3,162.4,-253.4,-1.0,-1.0,RS41-SG,401.985,28.6,525,7,3.0,-1,-1
2025-08-23T22:24:08.000Z,V0710188,931,-31.43201,-62.10986,138.6,0.3,0.3,24.2,-253.4,-1.0,-1.0,RS41-SG,401.985,29.0,525,7,2.9,-1,-1
2025-08-23T22:24:09.000Z,V0710188,932,-31.43201,-62.10986,138.8,0.2,0.2,215.9,-253.4,-1.0,-1.0,RS41-SG,401.985,29.6,525,7,3.0,-1,-1
2025-08-23T22:24:10.000Z,V0710188,933,-31.43201,-62.10986,138.9,0.3,0.1,109.9,-253.4,-1.0,-1.0,RS41-SG,401.985,29.6,525,7,3.0,-1,-1
2025-08-23T22:24:11.000Z,V0710188,934,-31.43201,-62.10986,138.6,0.0,0.1,159.7,-253.4,-1.0,-1.0,RS41-SG,401.985,29.3,525,7,3.0,-1,-1
2025-08-23T22:24:12.000Z,V0710188,935,-31.43201,-62.10985,138.7,0.1,0.0,174.3,-253.4,-1.0,-1.0,RS41-SG,401.985,27.7,525,7,3.0,-1,-1
2025-08-23T22:24:13.000Z,V0710188,936,-31.43201,-62.10985,139.0,-0.0,0.3,174.2,-253.4,-1.0,-1.0,RS41-SG,401.985,26.7,525,7,3.0,-1,-1
2025-08-23T22:24:14.000Z,V0710188,937,-31.43202,-62.10985,138.9,0.1,0.2,189.2,-253.4,-1.0,-1.0,RS41-SG,401.985,28.6,525,7,3.0,-1,-1
2025-08-23T22:24:15.000Z,V0710188,938,-31.43202,-62.10985,138.9,-0.1,0.2,13.7,-253.4,-1.0,-1.0,RS41-SG,401.985,28.6,525,7,3.0,-1,-1
2025-08-23T22:24:16.000Z,V0710188,939,-31.43201,-62.10985,138.8,-0.2,0.3,355.5,-253.4,-1.0,-1.0,RS41-SG,401.985,28.6,525,7,3.0,-1,-1
2025-08-23T22:24:17.000Z,V0710188,940,-31.43201,-62.10985,138.7,-0.6,0.2,260.8,-253.4,-1.0,-1.0,RS41-SG,401.985,28.7,525,7,3.0,-1,-1
2025-08-23T22:24:18.000Z,V0710188,941,-31.43201,-62.10985,138.6,-0.3,0.0,325.7,-253.4,-1.0,-1.0,RS41-SG,401.985,28.7,525,7,2.9,-1,-1
2025-08-23T22:24:19.000Z,V0710188,942,-31.43201,-62.10985,138.6,-0.2,0.1,327.6,-253.4,-1.0,-1.0,RS41-SG,401.985,29.1,525,7,3.0,-1,-1
2025-08-23T22:24:20.000Z,V0710188,943,-31.43201,-62.10986,138.5,0.2,0.3,185.3,-253.4,-1.0,-1.0,RS41-SG,401.985,29.1,525,7,3.0,-1,-1
2025-08-23T22:24:21.000Z,V0710188,944,-31.43202,-62.10986,138.6,0.2,0.2,185.4,-253.4,-1.0,-1.0,RS41-SG,401.985,28.7,525,7,3.0,-1,-1
2025-08-23T22:24:22.000Z,V0710188,945,-31.43201,-62.10986,138.3,0.3,0.1,334.0,-253.4,-1.0,-1.0,RS41-SG,401.985,29.1,525,7,3.0,-1,-1
2025-08-23T22:24:23.000Z,V0710188,946,-31.43201,-62.10986,138.4,0.2,0.2,34.9,-253.4,-1.0,-1.0,RS41-SG,401.985,30.2,525,7,3.0,-1,-1
2025-08-23T22:24:24.000Z,V0710188,947,-31.43201,-62.10986,138.3,-0.0,0.1,225.7,-253.4,-1.0,-1.0,RS41-SG,401.985,30.2,525,7,3.0,-1,-1
2025-08-23T22:24:25.000Z,V0710188,948,-31.43201,-62.10986,138.4,-0.0,0.0,215.8,-253.4,-1.0,-1.0,RS41-SG,401.985,29.2,525,7,3.0,-1,-1
2025-08-23T22:24:26.000Z,V0710188,949,-31.43201,-62.10986,138.2,-0.4,0.2,333.3,-253.4,-1.0,-1.0,RS41-SG,401.985,28.6,525,7,3.0,-1,-1
2025-08-23T22:24:27.000Z,V0710188,950,-31.43201,-62.10986,138.2,0.2,0.3,351.1,-253.4,-1.0,-1.0,RS41-SG,401.985,28.5,525,7,3.0,-1,-1
2025-08-23T22:24:28.000Z,V0710188,951,-31.43200,-62.10986,138.4,0.2,0.3,29.1,-253.4,-1.0,-1.0,RS41-SG,401.985,30.1,525,7,2.9,-1,-1
2025-08-23T22:24:29.000Z,V0710188,952,-31.43200,-62.10986,138.7,0.4,0.1,91.8,-253.4,-1.0,-1.0,RS41-SG,401.985,30.1,525,7,3.0,-1,-1
2025-08-23T22:24:30.000Z,V0710188,953,-31.43200,-62.10986,138.9,0.2,0.3,22.2,-253.4,-1.0,-1.0,RS41-SG,401.985,28.6,525,7,3.0,-1,-1
2025-08-23T22:24:31.000Z,V0710188,954,-31.43200,-62.10986,139.0,0.3,0.3,65.5,-253.4,-1.0,-1.0,RS41-SG,401.985,28.6,525,7,3.0,-1,-1
2025-08-23T22:24:32.000Z,V0710188,955,-31.43200,-62.10986,139.1,-0.5,0.2,233.6,-253.4,-1.0,-1.0,RS41-SG,401.985,28.2,525,7,3.0,-1,-1
2025-08-23T22:24:33.000Z,V0710188,956,-31.43200,-62.10986,138.6,-0.5,0.2,317.9,-253.4,-1.0,-1.0,RS41-SG,401.985,29.4,525,7,3.0,-1,-1
2025-08-23T22:24:34.000Z,V0710188,957,-31.43200,-62.10986,138.4,0.3,0.2,154.4,-253.4,-1.0,-1.0,RS41-SG,401.985,29.4,525,7,3.0,-1,-1
2025-08-23T22:24:35.000Z,V0710188,958,-31.43200,-62.10986,138.6,-0.3,0.3,347.8,-253.4,-1.0,-1.0,RS41-SG,401.985,28.4,525,7,3.0,-1,-1
2025-08-23T22:24:36.000Z,V0710188,959,-31.43200,-62.10986,138.1,0.4,0.1,100.1,-253.4,-1.0,-1.0,RS41-SG,401.985,28.4,525,7,3.0,-1,-1
2025-08-23T22:24:37.000Z,V0710188,960,-31.43200,-62.10986,138.5,0.1,0.4,180.2,-253.4,-1.0,-1.0,RS41-SG,401.985,28.3,525,7,2.9,-1,-1
2025-08-23T22:24:38.000Z,V0710188,961,-31.43201,-62.10986,138.5,0.6,0.5,148.8,-253.4,-1.0,-1.0,RS41-SG,401.985,29.8,525,7,3.0,-1,-1
2025-08-23T22:24:39.000Z,V0710188,962,-31.43201,-62.10985,138.8,0.7,0.5,158.3,-253.4,-1.0,-1.0,RS41-SG,401.985,29.8,525,7,3.0,-1,-1
2025-08-23T22:24:40.000Z,V0710188,963,-31.43201,-62.10985,138.9,0.8,0.5,142.9,-253.4,-1.0,-1.0,RS41-SG,401.985,28.1,525,7,3.0,-1,-1
2025-08-23T22:24:41.000Z,V0710188,964,-31.43201,-62.10985,139.2,0.6,0.7,163.5,-253.4,-1.0,-1.0,RS41-SG,401.985,27.9,525,7,3.0,-1,-1
2025-08-23T22:24:42.000Z,V0710188,965,-31.43201,-62.10985,139.2,0.5,0.3,145.2,-253.4,-1.0,-1.0,RS41-SG,401.985,27.8,525,7,3.0,-1,-1
2025-08-23T22:24:43.000Z,V0710188,966,-31.43201,-62.10985,139.5,0.1,0.1,99.0,-253.4,-1.0,-1.0,RS41-SG,401.985,29.8,525,7,3.0,-1,-1
2025-08-23T22:24:44.000Z,V0710188,967,-31.43201,-62.10985,139.3,0.1,0.1,96.9,-253.4,-1.0,-1.0,RS41-SG,401.985,29.8,525,7,3.0,-1,-1
2025-08-23T22:24:45.000Z,V0710188,968,-31.43201,-62.10985,139.6,0.4,0.3,17.4,-253.4,-1.0,-1.0,RS41-SG,401.985,28.1,525,7,3.0,-1,-1
2025-08-23T22:24:46.000Z,V0710188,969,-31.43201,-62.10985,140.0,0.1,0.3,164.9,-253.4,-1.0,-1.0,RS41-SG,401.985,28.1,525,7,2.9,-1,-1
2025-08-23T22:24:47.000Z,V0710188,970,-31.43201,-62.10985,140.1,0.1,0.2,39.8,-253.4,-1.0,-1.0,RS41-SG,401.985,28.2,525,7,3.0,-1,-1
2025-08-23T22:24:48.000Z,V0710188,971,-31.43200,-62.10985,140.4,0.2,0.3,24.5,-253.4,-1.0,-1.0,RS41-SG,401.985,29.4,525,7,3.0,-1,-1
2025-08-23T22:24:49.000Z,V0710188,972,-31.43200,-62.10985,140.0,0.1,0.6,176.4,-253.4,-1.0,-1.0,RS41-SG,401.985,29.4,525,7,3.0,-1,-1
2025-08-23T22:24:50.000Z,V0710188,973,-31.43200,-62.10985,139.9,0.4,0.2,116.9,-253.4,-1.0,-1.0,RS41-SG,401.985,28.1,525,7,3.0,-1,-1
2025-08-23T22:24:51.000Z,V0710188,974,-31.43200,-62.10985,139.7,-0.4,0.1,243.8,-253.4,-1.0,-1.0,RS41-SG,401.985,28.1,525,7,3.0,-1,-1
2025-08-23T22:24:52.000Z,V0710188,975,-31.43200,-62.10985,139.5,-0.2,0.1,291.6,-253.4,-1.0,-1.0,RS41-SG,401.985,28.1,525,7,3.0,-1,-1
2025-08-23T22:24:53.000Z,V0710188,976,-31.43200,-62.10985,139.6,0.1,0.1,174.8,-253.4,-1.0,-1.0,RS41-SG,401.985,28.9,525,7,3.0,-1,-1
2025-08-23T22:24:54.000Z,V0710188,977,-31.43200,-62.10985,139.5,0.1,0.0,152.2,-253.4,-1.0,-1.0,RS41-SG,401.985,28.9,525,7,3.0,-1,-1
2025-08-23T22:24:55.000Z,V0710188,978,-31.43200,-62.10985,139.4,-0.1,0.3,335.4,-253.4,-1.0,-1.0,RS41-SG,401.985,28.1,525,7,3.0,-1,-1
2025-08-23T22:24:56.000Z,V0710188,979,-31.43199,-62.10985,139.0,-0.3,0.1,338.3,-253.4,-1.0,-1.0,RS41-SG,401.985,28.1,525,7,2.9,-1,-1
2025-08-23T22:24:57.000Z,V0710188,980,-31.43199,-62.10985,139.0,-0.0,0.1,261.7,-253.4,-1.0,-1.0,RS41-SG,401.985,28.0,525,7,3.0,-1,-1
2025-08-23T22:24:58.000Z,V0710188,981,-31.43199,-62.10985,138.9,-0.1,0.2,19.3,-253.4,-1.0,-1.0,RS41-SG,401.985,30.0,525,7,3.0,-1,-1
2025-08-23T22:24:59.000Z,V0710188,982,-31.43199,-62.10985,138.6,0.1,0.3,3.5,-253.4,-1.0,-1.0,RS41-SG,401.985,30.0,525,7,3.0,-1,-1
2025-08-23T22:25:00.000Z,V0710188,983,-31.43199,-62.10985,138.6,-0.2,0.3,174.0,-253.4,-1.0,-1.0,RS41-SG,401.985,28.6,525,7,3.0,-1,-1
2025-08-23T22:25:01.000Z,V0710188,984,-31.43199,-62.10985,138.1,-0.0,0.2,5.0,-253.4,-1.0,-1.0,RS41-SG,401.985,27.9,525,7,3.0,-1,-1
2025-08-23T22:25:02.000Z,V0710188,985,-31.43199,-62.10985,138.3,-0.0,0.2,319.3,-253.4,-1.0,-1.0,RS41-SG,401.985,27.9,525,7,3.0,-1,-1
2025-08-23T22:25:03.000Z,V0710188,986,-31.43199,-62.10985,138.2,-0.4,0.1,228.2,-253.4,-1.0,-1.0,RS41-SG,401.985,29.7,525,7,3.0,-1,-1
2025-08-23T22:25:04.000Z,V0710188,987,-31.43199,-62.10985,138.2,0.0,0.2,24.8,-253.4,-1.0,-1.0,RS41-SG,401.985,29.7,525,7,3.0,-1,-1
2025-08-23T22:25:05.000Z,V0710188,988,-31.43199,-62.10985,138.5,0.3,0.4,27.3,-253.4,-1.0,-1.0,RS41-SG,401.985,28.8,525,7,2.9,-1,-1
2025-08-23T22:25:06.000Z,V0710188,989,-31.43199,-62.10985,138.5,0.1,0.2,63.9,-253.4,-1.0,-1.0,RS41-SG,401.985,28.0,525,7,3.0,-1,-1
2025-08-23T22:25:07.000Z,V0710188,990,-31.43199,-62.10985,138.8,0.5,0.1,92.5,-253.4,-1.0,-1.0,RS41-SG,401.985,27.7,525,7,3.0,-1,-1
2025-08-23T22:25:08.000Z,V0710188,991,-31.43199,-62.10985,139.0,-0.2,0.2,329.9,-253.4,-1.0,-1.0,RS41-SG,401.985,28.7,525,7,3.0,-1,-1
2025-08-23T22:25:09.000Z,V0710188,992,-31.43199,-62.10985,138.3,-0.3,0.0,299.4,-253.4,-1.0,-1.0,RS41-SG,401.985,28.7,525,8,3.0,-1,-1
2025-08-23T22:25:10.000Z,V0710188,993,-31.43199,-62.10985,138.3,0.6,0.3,107.1,-253.4,-1.0,-1.0,RS41-SG,401.985,28.6,525,8,3.0,-1,-1
2025-08-23T22:25:11.000Z,V0710188,994,-31.43199,-62.10985,138.4,0.3,0.4,179.5,-253.4,-1.0,-1.0,RS41-SG,401.985,27.9,525,8,3.0,-1,-1
2025-08-23T22:25:12.000Z,V0710188,995,-31.43199,-62.10985,138.7,-0.1,0.0,13.2,-253.4,-1.0,-1.0,RS41-SG,401.985,28.8,525,8,3.0,-1,-1
2025-08-23T22:25:13.000Z,V0710188,996,-31.43199,-62.10985,138.3,-0.1,0.0,171.0,-253.4,-1.0,-1.0,RS41-SG,401.985,29.0,525,8,3.0,-1,-1
2025-08-23T22:25:14.000Z,V0710188,997,-31.43199,-62.10985,138.2,-0.1,0.2,335.3,-253.4,-1.0,-1.0,RS41-SG,401.985,29.0,525,8,2.9,-1,-1
2025-08-23T22:25:15.000Z,V0710188,998,-31.43199,-62.10985,138.0,-0.1,0.4,186.3,-253.4,-1.0,-1.0,RS41-SG,401.985,28.7,525,8,3.0,-1,-1
2025-08-23T22:25:16.000Z,V0710188,999,-31.43200,-62.10985,137.8,0.0,0.3,200.9,-253.4,-1.0,-1.0,RS41-SG,401.985,28.7,525,7,3.0,-1,-1
2025-08-23T22:25:17.000Z,V0710188,1000,-31.43200,-62.10985,137.9,-0.0,0.3,199.8,-253.4,-1.0,-1.0,RS41-SG,401.985,27.6,525,7,3.0,-1,-1
2025-08-23T22:25:18.000Z,V0710188,1001,-31.43200,-62.10985,137.5,-0.2,0.2,331.4,-253.4,-1.0,-1.0,RS41-SG,401.985,28.1,525,8,3.0,-1,-1
2025-08-23T22:25:19.000Z,V0710188,1002,-31.43200,-62.10986,136.9,-0.6,0.2,239.9,-253.4,-1.0,-1.0,RS41-SG,401.985,28.8,525,8,3.0,-1,-1
2025-08-23T22:25:20.000Z,V0710188,1003,-31.43200,-62.10986,136.3,-0.1,0.2,25.9,-253.4,-1.0,-1.0,RS41-SG,401.985,28.8,525,8,3.0,-1,-1
2025-08-23T22:25:21.000Z,V0710188,1004,-31.43200,-62.10986,136.5,-0.4,0.1,296.2,-253.4,-1.0,-1.0,RS41-SG,401.985,27.9,525,8,3.0,-1,-1
2025-08-23T22:25:22.000Z,V0710188,1005,-31.43200,-62.10986,136.2,-0.4,0.2,278.4,-253.4,-1.0,-1.0,RS41-SG,401.985,28.3,525,8,3.0,-1,-1
2025-08-23T22:25:23.000Z,V0710188,1006,-31.43200,-62.10986,136.1,-0.5,0.2,268.9,-253.4,-1.0,-1.0,RS41-SG,401.985,29.5,525,8,3.0,-1,-1
2025-08-23T22:25:24.000Z,V0710188,1007,-31.43200,-62.10986,135.9,-0.5,0.3,342.4,-253.4,-1.0,-1.0,RS41-SG,401.985,29.5,525,8,2.9,-1,-1
2025-08-23T22:25:25.000Z,V0710188,1008,-31.43200,-62.10986,136.0,-0.8,0.6,354.0,-253.4,-1.0,-1.0,RS41-SG,401.985,28.6,525,8,3.0,-1,-1
2025-08-23T22:25:26.000Z,V0710188,1009,-31.43200,-62.10986,135.5,-0.6,0.2,268.8,-253.4,-1.0,-1.0,RS41-SG,401.985,28.6,525,8,3.0,-1,-1
2025-08-23T22:25:27.000Z,V0710188,1010,-31.43200,-62.10986,135.5,0.2,0.0,276.1,-253.4,-1.0,-1.0,RS41-SG,401.985,28.2,525,8,3.0,-1,-1
2025-08-23T22:25:28.000Z,V0710188,1011,-31.43200,-62.10986,135.6,0.1,0.1,32.0,-253.4,-1.0,-1.0,RS41-SG,401.985,28.8,525,8,3.0,-1,-1
2025-08-23T22:25:29.000Z,V0710188,1012,-31.43200,-62.10986,135.9,0.2,0.3,53.7,-253.4,-1.0,-1.0,RS41-SG,401.985,28.9,525,8,3.0,-1,-1
2025-08-23T22:25:30.000Z,V0710188,1013,-31.43200,-62.10986,135.6,-0.1,0.2,352.2,-253.4,-1.0,-1.0,RS41-SG,401.985,28.9,525,8,3.0,-1,-1
2025-08-23T22:25:31.000Z,V0710188,1014,-31.43200,-62.10986,135.2,-0.3,0.1,217.5,-253.4,-1.0,-1.0,RS41-SG,401.985,28.5,525,8,3.0,-1,-1
2025-08-23T22:25:32.000Z,V0710188,1015,-31.43200,-62.10986,135.1,0.1,0.3,178.9,-253.4,-1.0,-1.0,RS41-SG,401.985,28.0,525,8,2.9,-1,-1
2025-08-23T22:25:33.000Z,V0710188,1016,-31.43200,-62.10986,135.1,0.7,0.3,109.3,-253.4,-1.0,-1.0,RS41-SG,401.985,29.2,525,8,3.0,-1,-1
2025-08-23T22:25:34.000Z,V0710188,1017,-31.43200,-62.10986,135.2,0.5,0.3,157.3,-253.4,-1.0,-1.0,RS41-SG,401.985,29.2,525,8,3.0,-1,-1
2025-08-23T22:25:35.000Z,V0710188,1018,-31.43200,-62.10986,135.5,0.4,0.1,191.6,-253.4,-1.0,-1.0,RS41-SG,401.985,28.6,525,8,3.0,-1,-1
2025-08-23T22:25:36.000Z,V0710188,1019,-31.43200,-62.10986,135.6,0.2,0.2,72.1,-253.4,-1.0,-1.0,RS41-SG,401.985,27.8,525,8,3.0,-1,-1
2025-08-23T22:25:37.000Z,V0710188,1020,-31.43200,-62.10986,135.9,-0.1,0.1,9.2,-253.4,-1.0,-1.0,RS41-SG,401.985,27.8,525,8,3.0,-1,-1
2025-08-23T22:25:38.000Z,V0710188,1021,-31.43200,-62.10986,135.9,-0.1,0.1,283.9,-253.4,-1.0,-1.0,RS41-SG,401.985,28.8,525,8,3.0,-1,-1
2025-08-23T22:25:39.000Z,V0710188,1022,-31.43200,-62.10986,135.7,-0.3,0.2,211.2,-253.4,-1.0,-1.0,RS41-SG,401.985,28.8,525,8,3.0,-1,-1
2025-08-23T22:25:40.000Z,V0710188,1023,-31.43201,-62.10986,135.4,-0.1,0.2,211.3,-253.4,-1.0,-1.0,RS41-SG,401.985,28.1,525,8,3.0,-1,-1
2025-08-23T22:25:41.000Z,V0710188,1024,-31.43201,-62.10986,135.4,-0.2,0.1,308.9,-253.4,-1.0,-1.0,RS41-SG,401.985,28.0,525,8,2.9,-1,-1
2025-08-23T22:25:42.000Z,V0710188,1025,-31.43201,-62.10986,135.4,0.3,0.2,70.4,-253.4,-1.0,-1.0,RS41-SG,401.985,27.9,525,8,3.0,-1,-1
2025-08-23T22:25:43.000Z,V0710188,1026,-31.43201,-62.10986,135.7,-0.4,0.3,297.6,-253.4,-1.0,-1.0,RS41-SG,401.985,28.9,525,8,3.0,-1,-1
2025-08-23T22:25:44.000Z,V0710188,1027,-31.43201,-62.10986,135.5,-0.2,0.2,276.7,-253.4,-1.0,-1.0,RS41-SG,401.985,28.9,525,8,3.0,-1,-1
2025-08-23T22:25:45.000Z,V0710188,1028,-31.43201,-62.10986,135.6,0.5,0.2,107.7,-253.4,-1.0,-1.0,RS41-SG,401.985,28.2,525,8,3.0,-1,-1
2025-08-23T22:25:46.000Z,V0710188,1029,-31.43201,-62.10986,135.6,0.7,0.3,144.7,-253.4,-1.0,-1.0,RS41-SG,401.985,28.0,525,8,3.0,-1,-1
2025-08-23T22:25:47.000Z,V0710188,1030,-31.43201,-62.10986,135.8,0.5,0.1,95.8,-253.4,-1.0,-1.0,RS41-SG,401.985,27.8,525,8,3.0,-1,-1
2025-08-23T22:25:48.000Z,V0710188,1031,-31.43201,-62.10986,136.0,0.3,0.3,35.7,-253.4,-1.0,-1.0,RS41-SG,401.985,29.0,525,8,3.0,-1,-1
2025-08-23T22:25:49.000Z,V0710188,1032,-31.43201,-62.10986,136.2,0.2,0.1,49.1,-253.4,-1.0,-1.0,RS41-SG,401.985,29.0,525,8,3.0,-1,-1
2025-08-23T22:25:50.000Z,V0710188,1033,-31.43201,-62.10986,136.2,-0.0,0.0,265.3,-253.4,-1.0,-1.0,RS41-SG,401.985,28.4,525,8,2.9,-1,-1
2025-08-23T22:25:51.000Z,V0710188,1034,-31.43201,-62.10986,136.1,0.0,0.0,327.9,-253.4,-1.0,-1.0,RS41-SG,401.985,27.5,525,8,3.0,-1,-1
2025-08-23T22:25:52.000Z,V0710188,1035,-31.43201,-62.10986,135.8,-0.2,0.2,206.5,-253.4,-1.0,-1.0,RS41-SG,401.985,27.7,525,8,3.0,-1,-1
2025-08-23T22:25:53.000Z,V0710188,1036,-31.43201,-62.10986,135.7,0.0,0.2,9.3,-253.4,-1.0,-1.0,RS41-SG,401.985,29.3,525,8,3.0,-1,-1
2025-08-23T22:25:54.000Z,V0710188,1037,-31.43201,-62.10986,135.4,-0.1,0.1,185.1,-253.4,-1.0,-1.0,RS41-SG,401.985,29.3,525,8,3.0,-1,-1
2025-08-23T22:25:55.000Z,V0710188,1038,-31.43201,-62.10986,135.0,-0.3,0.3,218.0,-253.4,-1.0,-1.0,RS41-SG,401.985,28.1,525,8,3.0,-1,-1
2025-08-23T22:25:56.000Z,V0710188,1039,-31.43202,-62.10986,134.5,-0.2,0.2,325.4,-253.4,-1.0,-1.0,RS41-SG,401.985,27.6,525,8,3.0,-1,-1
2025-08-23T22:25:57.000Z,V0710188,1040,-31.43201,-62.10987,133.8,-0.4,0.3,288.0,-253.4,-1.0,-1.0,RS41-SG,401.985,27.6,525,8,3.0,-1,-1
2025-08-23T22:25:58.000Z,V0710188,1041,-31.43201,-62.10987,133.6,-0.4,0.2,303.2,-253.4,-1.0,-1.0,RS41-SG,401.985,29.2,525,8,3.0,-1,-1
2025-08-23T22:25:59.000Z,V0710188,1042,-31.43201,-62.10987,133.3,-0.5,0.3,330.0,-253.4,-1.0,-1.0,RS41-SG,401.985,29.2,525,8,2.9,-1,-1
2025-08-23T22:26:00.000Z,V0710188,1043,-31.43201,-62.10987,133.3,-0.3,0.2,22.8,-253.4,-1.0,-1.0,RS41-SG,401.985,28.0,525,8,3.0,-1,-1
2025-08-23T22:26:01.000Z,V0710188,1044,-31.43201,-62.10987,133.1,-0.3,0.1,255.6,-253.4,-1.0,-1.0,RS41-SG,401.985,27.3,525,8,3.0,-1,-1
2025-08-23T22:26:02.000Z,V0710188,1045,-31.43202,-62.10987,133.1,-0.2,0.2,310.9,-253.4,-1.0,-1.0,RS41-SG,401.985,27.6,525,8,3.0,-1,-1
2025-08-23T22:26:03.000Z,V0710188,1046,-31.43202,-62.10987,133.0,0.1,0.1,240.7,-253.4,-1.0,-1.0,RS41-SG,401.985,29.6,525,8,3.0,-1,-1
2025-08-23T22:26:04.000Z,V0710188,1047,-31.43201,-62.10987,133.3,0.5,0.2,46.7,-253.4,-1.0,-1.0,RS41-SG,401.985,29.6,525,8,3.0,-1,-1
2025-08-23T22:26:05.000Z,V0710188,1048,-31.43201,-62.10987,133.6,0.3,0.1,135.1,-253.4,-1.0,-1.0,RS41-SG,401.985,28.2,525,8,3.0,-1,-1
2025-08-23T22:26:06.000Z,V0710188,1049,-31.43202,-62.10987,133.9,0.2,0.2,114.9,-253.4,-1.0,-1.0,RS41-SG,401.985,28.0,525,8,3.0,-1,-1
2025-08-23T22:26:07.000Z,V0710188,1050,-31.43202,-62.10987,133.9,0.1,0.1,110.2,-253.4,-1.0,-1.0,RS41-SG,401.985,27.5,525,8,3.0,-1,-1
2025-08-23T22:26:08.000Z,V0710188,1051,-31.43202,-62.10986,134.2,-0.1,0.1,197.4,-253.4,-1.0,-1.0,RS41-SG,401.985,29.0,525,8,3.0,-1,-1
2025-08-23T22:26:09.000Z,V0710188,1052,-31.43202,-62.10986,134.2,-0.1,0.1,254.3,-253.4,-1.0,-1.0,RS41-SG,401.985,29.0,525,8,2.9,-1,-1
2025-08-23T22:26:10.000Z,V0710188,1053,-31.43202,-62.10986,134.3,0.1,0.1,92.4,-253.4,-1.0,-1.0,RS41-SG,401.985,27.8,525,8,3.0,-1,-1
2025-08-23T22:26:11.000Z,V0710188,1054,-31.43202,-62.10986,134.4,0.2,0.1,115.5,-253.4,-1.0,-1.0,RS41-SG,401.985,27.7,525,8,3.0,-1,-1
2025-08-23T22:26:12.000Z,V0710188,1055,-31.43202,-62.10986,134.8,0.1,0.2,24.6,-253.4,-1.0,-1.0,RS41-SG,401.985,27.8,525,8,3.0,-1,-1
2025-08-23T22:26:13.000Z,V0710188,1056,-31.43202,-62.10986,134.9,0.0,0.2,326.0,-253.4,-1.0,-1.0,RS41-SG,401.985,29.0,525,8,3.0,-1,-1
2025-08-23T22:26:14.000Z,V0710188,1057,-31.43202,-62.10986,135.0,0.1,0.2,124.9,-253.4,-1.0,-1.0,RS41-SG,401.985,29.0,525,8,3.0,-1,-1
2025-08-23T22:26:15.000Z,V0710188,1058,-31.43202,-62.10986,135.0,0.0,0.1,111.6,-253.4,-1.0,-1.0,RS41-SG,401.985,27.7,525,8,3.0,-1,-1
2025-08-23T22:26:16.000Z,V0710188,1059,-31.43202,-62.10986,135.0,-0.2,0.1,93.9,-253.4,-1.0,-1.0,RS41-SG,401.985,27.7,525,8,3.0,-1,-1
2025-08-23T22:26:17.000Z,V0710188,1060,-31.43202,-62.10986,135.3,0.1,0.2,175.4,-253.4,-1.0,-1.0,RS41-SG,401.985,27.7,525,8,3.0,-1,-1
2025-08-23T22:26:18.000Z,V0710188,1061,-31.43202,-62.10986,135.3,-0.4,0.2,286.7,-253.4,-1.0,-1.0,RS41-SG,401.985,28.8,525,8,3.0,-1,-1
2025-08-23T22:26:19.000Z,V0710188,1062,-31.43202,-62.10986,134.8,-0.2,0.3,56.4,-253.4,-1.0,-1.0,RS41-SG,401.985,28.8,525,8,2.9,-1,-1
2025-08-23T22:26:20.000Z,V0710188,1063,-31.43202,-62.10986,134.7,-0.2,0.1,305.8,-253.4,-1.0,-1.0,RS41-SG,401.985,27.9,525,8,3.0,-1,-1
2025-08-23T22:26:21.000Z,V0710188,1064,-31.43202,-62.10986,134.4,0.0,0.1,60.1,-253.4,-1.0,-1.0,RS41-SG,401.985,27.8,525,8,3.0,-1,-1
2025-08-23T22:26:22.000Z,V0710188,1065,-31.43202,-62.10986,134.6,0.3,0.2,167.8,-253.4,-1.0,-1.0,RS41-SG,401.985,27.5,525,8,3.0,-1,-1
2025-08-23T22:26:23.000Z,V0710188,1066,-31.43202,-62.10986,134.4,0.3,0.1,272.8,-253.4,-1.0,-1.0,RS41-SG,401.985,28.7,525,8,3.0,-1,-1
2025-08-23T22:26:24.000Z,V0710188,1067,-31.43202,-62.10986,134.5,0.0,0.2,194.0,-253.4,-1.0,-1.0,RS41-SG,401.985,28.7,525,8,3.0,-1,-1
2025-08-23T22:26:25.000Z,V0710188,1068,-31.43202,-62.10986,134.6,-0.1,0.1,229.1,-253.4,-1.0,-1.0,RS41-SG,401.985,28.3,525,8,3.0,-1,-1
2025-08-23T22:26:26.000Z,V0710188,1069,-31.43202,-62.10986,134.5,-0.2,0.1,246.8,-253.4,-1.0,-1.0,RS41-SG,401.985,28.0,525,8,3.0,-1,-1
2025-08-23T22:26:27.000Z,V0710188,1070,-31.43202,-62.10986,134.7,-0.2,0.2,323.8,-253.4,-1.0,-1.0,RS41-SG,401.985,27.5,525,8,3.0,-1,-1
2025-08-23T22:26:28.000Z,V0710188,1071,-31.43202,-62.10986,134.4,-0.3,0.2,232.6,-253.4,-1.0,-1.0,RS41-SG,401.985,28.0,525,8,2.9,-1,-1
2025-08-23T22:26:29.000Z,V0710188,1072,-31.43202,-62.10986,134.9,0.1,0.3,20.3,-253.4,-1.0,-1.0,RS41-SG,401.985,28.4,525,8,3.0,-1,-1
2025-08-23T22:26:30.000Z,V0710188,1073,-31.43202,-62.10986,134.8,-0.2,0.1,315.8,-253.4,-1.0,-1.0,RS41-SG,401.985,28.4,525,8,3.0,-1,-1
2025-08-23T22:26:31.000Z,V0710188,1074,-31.43202,-62.10986,134.7,-0.1,0.1,9.1,-253.4,-1.0,-1.0,RS41-SG,401.985,27.9,525,8,3.0,-1,-1
2025-08-23T22:26:32.000Z,V0710188,1075,-31.43202,-62.10986,134.9,-0.1,0.1,338.0,-253.4,-1.0,-1.0,RS41-SG,401.985,27.7,525,8,3.0,-1,-1
2025-08-23T22:26:33.000Z,V0710188,1076,-31.43202,-62.10986,135.2,-0.2,0.1,320.2,-253.4,-1.0,-1.0,RS41-SG,401.985,27.8,525,8,3.0,-1,-1
2025-08-23T22:26:34.000Z,V0710188,1077,-31.43202,-62.10986,134.9,-0.4,0.2,265.2,-253.4,-1.0,-1.0,RS41-SG,401.985,27.8,525,8,3.0,-1,-1
2025-08-23T22:26:35.000Z,V0710188,1078,-31.43202,-62.10986,134.9,-0.4,0.3,333.3,-253.4,-1.0,-1.0,RS41-SG,401.985,27.6,525,8,3.0,-1,-1
2025-08-23T22:26:36.000Z,V0710188,1079,-31.43201,-62.10986,134.6,-0.4,0.2,357.0,-253.4,-1.0,-1.0,RS41-SG,401.985,27.8,525,8,3.0,-1,-1
2025-08-23T22:26:37.000Z,V0710188,1080,-31.43201,-62.10986,134.8,-0.3,0.2,315.5,-253.4,-1.0,-1.0,RS41-SG,401.985,27.8,525,8,3.0,-1,-1
2025-08-23T22:26:38.000Z,V0710188,1081,-31.43201,-62.10986,135.1,-0.3,0.2,290.8,-253.4,-1.0,-1.0,RS41-SG,401.985,27.8,525,8,2.9,-1,-1
2025-08-23T22:26:39.000Z,V0710188,1082,-31.43201,-62.10986,135.1,-0.3,0.2,8.5,-253.4,-1.0,-1.0,RS41-SG,401.985,27.8,525,8,3.0,-1,-1
2025-08-23T22:26:40.000Z,V0710188,1083,-31.43201,-62.10986,134.7,0.1,0.1,152.8,-253.4,-1.0,-1.0,RS41-SG,401.985,28.4,525,8,3.0,-1,-1
2025-08-23T22:26:41.000Z,V0710188,1084,-31.43201,-62.10986,134.7,0.2,0.2,88.4,-253.4,-1.0,-1.0,RS41-SG,401.985,28.4,525,8,3.0,-1,-1
2025-08-23T22:26:42.000Z,V0710188,1085,-31.43201,-62.10986,134.9,0.2,0.2,124.6,-253.4,-1.0,-1.0,RS41-SG,401.985,28.1,525,8,3.0,-1,-1
2025-08-23T22:26:43.000Z,V0710188,1086,-31.43202,-62.10986,134.8,-0.1,0.3,197.4,-253.4,-1.0,-1.0,RS41-SG,401.985,28.2,525,8,3.0,-1,-1
2025-08-23T22:26:44.000Z,V0710188,1087,-31.43202,-62.10986,134.4,-0.1,0.2,229.4,-253.4,-1.0,-1.0,RS41-SG,401.985,28.2,525,8,3.0,-1,-1
2025-08-23T22:26:45.000Z,V0710188,1088,-31.43202,-62.10986,134.4,-0.2,0.1,259.4,-253.4,-1.0,-1.0,RS41-SG,401.985,27.6,525,8,3.0,-1,-1
2025-08-23T22:26:46.000Z,V0710188,1089,-31.43202,-62.10986,134.2,-0.5,0.2,272.0,-253.4,-1.0,-1.0,RS41-SG,401.985,27.6,525,8,3.0,-1,-1
2025-08-23T22:26:47.000Z,V0710188,1090,-31.43202,-62.10986,134.0,-0.4,0.1,256.3,-253.4,-1.0,-1.0,RS41-SG,401.985,28.1,525,8,3.0,-1,-1
2025-08-23T22:26:48.000Z,V0710188,1091,-31.43202,-62.10986,134.0,-0.3,0.2,292.4,-253.4,-1.0,-1.0,RS41-SG,401.985,28.1,525,8,2.9,-1,-1
2025-08-23T22:26:49.000Z,V0710188,1092,-31.43202,-62.10987,134.0,0.2,0.2,318.0,-253.4,-1.0,-1.0,RS41-SG,401.985,28.2,525,8,3.0,-1,-1
2025-08-23T22:26:50.000Z,V0710188,1093,-31.43202,-62.10986,134.6,-0.1,0.2,352.9,-253.4,-1.0,-1.0,RS41-SG,401.985,28.2,525,8,3.0,-1,-1
2025-08-23T22:26:51.000Z,V0710188,1094,-31.43202,-62.10986,134.6,0.1,0.0,204.4,-253.4,-1.0,-1.0,RS41-SG,401.985,27.4,525,8,3.0,-1,-1
2025-08-23T22:26:52.000Z,V0710188,1095,-31.43202,-62.10986,135.0,0.3,0.1,107.5,-253.4,-1.0,-1.0,RS41-SG,401.985,27.4,525,8,3.0,-1,-1
2025-08-23T22:26:53.000Z,V0710188,1096,-31.43201,-62.10986,135.1,0.5,0.3,92.6,-253.4,-1.0,-1.0,RS41-SG,401.985,28.2,525,8,3.0,-1,-1
2025-08-23T22:26:54.000Z,V0710188,1097,-31.43201,-62.10986,135.2,-0.2,0.1,219.4,-253.4,-1.0,-1.0,RS41-SG,401.985,28.2,525,8,3.0,-1,-1
2025-08-23T22:26:55.000Z,V0710188,1098,-31.43201,-62.10986,135.2,-0.1,0.1,306.5,-253.4,-1.0,-1.0,RS41-SG,401.985,28.1,525,8,3.0,-1,-1
2025-08-23T22:26:56.000Z,V0710188,1099,-31.43201,-62.10986,135.3,-0.3,0.2,328.0,-253.4,-1.0,-1.0,RS41-SG,401.985,28.1,525,8,3.0,-1,-1
2025-08-23T22:26:57.000Z,V0710188,1100,-31.43201,-62.10986,135.1,-0.1,0.1,304.1,-253.4,-1.0,-1.0,RS41-SG,401.985,27.9,525,8,2.9,-1,-1
2025-08-23T22:26:58.000Z,V0710188,1101,-31.43201,-62.10987,134.6,-0.2,0.3,266.4,-253.4,-1.0,-1.0,RS41-SG,401.985,27.9,525,8,3.0,-1,-1
2025-08-23T22:26:59.000Z,V0710188,1102,-31.43201,-62.10987,134.7,0.2,0.1,172.9,-253.4,-1.0,-1.0,RS41-SG,401.985,27.8,525,8,3.0,-1,-1
2025-08-23T22:27:00.000Z,V0710188,1103,-31.43201,-62.10987,134.8,0.2,0.1,72.9,-253.4,-1.0,-1.0,RS41-SG,401.985,27.8,525,8,3.0,-1,-1
2025-08-23T22:27:01.000Z,V0710188,1104,-31.43201,-62.10987,134.4,0.0,0.1,308.9,-253.4,-1.0,-1.0,RS41-SG,401.985,27.6,525,8,3.0,-1,-1
2025-08-23T22:27:02.000Z,V0710188,1105,-31.43201,-62.10987,134.4,-0.2,0.1,210.7,-253.4,-1.0,-1.0,RS41-SG,401.985,27.5,525,8,3.0,-1,-1
2025-08-23T22:27:03.000Z,V0710188,1106,-31.43201,-62.10987,134.2,-0.4,0.2,273.2,-253.4,-1.0,-1.0,RS41-SG,401.985,27.5,525,8,3.0,-1,-1
2025-08-23T22:27:04.000Z,V0710188,1107,-31.43200,-62.10987,134.1,-0.3,0.3,307.2,-253.4,-1.0,-1.0,RS41-SG,401.985,27.5,525,8,3.0,-1,-1
2025-08-23T22:27:05.000Z,V0710188,1108,-31.43200,-62.10987,134.2,-0.3,0.3,321.9,-253.4,-1.0,-1.0,RS41-SG,401.985,27.4,525,8,3.0,-1,-1
2025-08-23T22:27:06.000Z,V0710188,1109,-31.43200,-62.10987,134.1,-0.2,0.1,177.8,-253.4,-1.0,-1.0,RS41-SG,401.985,27.4,525,8,3.0,-1,-1
2025-08-23T22:27:07.000Z,V0710188,1110,-31.43200,-62.10987,134.1,-0.3,0.3,287.0,-253.4,-1.0,-1.0,RS41-SG,401.985,27.6,525,8,2.9,-1,-1
2025-08-23T22:27:08.000Z,V0710188,1111,-31.43200,-62.10988,133.5,-0.4,0.1,319.2,-253.4,-1.0,-1.0,RS41-SG,401.985,27.6,525,8,3.0,-1,-1
2025-08-23T22:27:09.000Z,V0710188,1112,-31.43200,-62.10988,133.4,-0.1,0.2,217.7,-253.4,-1.0,-1.0,RS41-SG,401.985,28.1,525,8,3.0,-1,-1
2025-08-23T22:27:10.000Z,V0710188,1113,-31.43200,-62.10988,133.1,0.1,0.2,296.1,-253.4,-1.0,-1.0,RS41-SG,401.985,28.1,525,7,3.0,-1,-1
2025-08-23T22:27:11.000Z,V0710188,1114,-31.43200,-62.10988,133.1,-0.1,0.2,325.9,-253.4,-1.0,-1.0,RS41-SG,401.985,27.9,525,7,3.0,-1,-1
2025-08-23T22:27:12.000Z,V0710188,1115,-31.43200,-62.10988,133.4,-0.1,0.1,90.5,-253.4,-1.0,-1.0,RS41-SG,401.985,27.5,525,7,3.0,-1,-1
2025-08-23T22:27:13.000Z,V0710188,1116,-31.43200,-62.10988,133.5,-0.1,0.2,100.0,-253.4,-1.0,-1.0,RS41-SG,401.985,28.1,525,7,3.0,-1,-1
2025-08-23T22:27:14.000Z,V0710188,1117,-31.43200,-62.10987,134.1,-0.2,0.2,335.5,-253.4,-1.0,-1.0,RS41-SG,401.985,28.1,525,7,3.0,-1,-1
2025-08-23T22:27:15.000Z,V0710188,1118,-31.43200,-62.10987,133.8,-0.2,0.2,253.5,-253.4,-1.0,-1.0,RS41-SG,401.985,28.0,525,7,3.0,-1,-1
2025-08-23T22:27:16.000Z,V0710188,1119,-31.43200,-62.10987,134.1,-0.5,0.2,262.7,-253.4,-1.0,-1.0,RS41-SG,401.985,27.6,525,7,3.0,-1,-1
2025-08-23T22:27:17.000Z,V0710188,1120,-31.43200,-62.10987,133.9,-0.2,0.3,171.7,-253.4,-1.0,-1.0,RS41-SG,401.985,26.9,525,7,2.9,-1,-1
2025-08-23T22:27:18.000Z,V0710188,1121,-31.43201,-62.10987,133.6,-0.0,0.1,271.6,-253.4,-1.0,-1.0,RS41-SG,401.985,27.3,525,7,3.0,-1,-1
2025-08-23T22:27:19.000Z,V0710188,1122,-31.43201,-62.10988,133.5,-0.1,0.2,241.7,-253.4,-1.0,-1.0,RS41-SG,401.985,27.3,525,7,3.0,-1,-1
2025-08-23T22:27:20.000Z,V0710188,1123,-31.43200,-62.10988,133.5,0.1,0.1,301.3,-253.4,-1.0,-1.0,RS41-SG,401.985,27.4,525,7,3.0,-1,-1
2025-08-23T22:27:21.000Z,V0710188,1124,-31.43200,-62.10988,133.6,0.0,0.2,296.8,-253.4,-1.0,-1.0,RS41-SG,401.985,27.4,525,7,3.0,-1,-1
2025-08-23T22:27:22.000Z,V0710188,1125,-31.43200,-62.10987,134.1,0.1,0.3,359.7,-253.4,-1.0,-1.0,RS41-SG,401.985,27.2,525,7,3.0,-1,-1
2025-08-23T22:27:23.000Z,V0710188,1126,-31.43200,-62.10987,134.4,-0.1,0.2,282.9,-253.4,-1.0,-1.0,RS41-SG,401.985,28.0,525,7,3.0,-1,-1
2025-08-23T22:27:24.000Z,V0710188,1127,-31.43200,-62.10987,134.4,-0.1,0.0,275.4,-253.4,-1.0,-1.0,RS41-SG,401.985,28.0,525,7,3.0,-1,-1
2025-08-23T22:27:25.000Z,V0710188,1128,-31.43200,-62.10987,134.3,-0.3,0.2,217.9,-253.4,-1.0,-1.0,RS41-SG,401.985,28.1,525,7,3.0,-1,-1
2025-08-23T22:27:26.000Z,V0710188,1129,-31.43200,-62.10987,134.4,-0.2,0.2,348.1,-253.4,-1.0,-1.0,RS41-SG,401.985,28.1,525,7,3.0,-1,-1
2025-08-23T22:27:27.000Z,V0710188,1130,-31.43200,-62.10987,134.3,-0.2,0.1,220.0,-253.4,-1.0,-1.0,RS41-SG,401.985,27.4,525,7,2.9,-1,-1
